<?xml version="1.0" encoding="UTF-8"?>
<!-- Generated by org.testng.reporters.JUnitReportReporter -->
<testsuite hostname="DESKTOP-K1GHB9B" name="com.demoworkshop.testscripts.Computer" tests="1" failures="0" timestamp="8 Jul 2023 11:59:41 GMT" time="27.331" errors="0">
  <testcase name="script" time="27.331" classname="com.demoworkshop.testscripts.Computer"/>
</testsuite> <!-- com.demoworkshop.testscripts.Computer -->
