<?xml version="1.0" encoding="UTF-8"?>
<!-- Generated by org.testng.reporters.JUnitReportReporter -->
<testsuite hostname="DESKTOP-K1GHB9B" name="com.demoworkshop.geTDataFromProperty" tests="1" failures="0" timestamp="8 Jul 2023 03:33:40 GMT" time="0.016" errors="0">
  <testcase name="getdata" time="0.016" classname="com.demoworkshop.geTDataFromProperty"/>
</testsuite> <!-- com.demoworkshop.geTDataFromProperty -->
